// 重构日志: 7726be52
// 重构日志: 0cf01c9d
// 重构日志: 62731a8b
// 重构日志: 939b5b8f
// 重构日志: c2ea41ec
// 同步 ID: 646c9593 @ Mon May 25 12:57:31 UTC 2026
// 同步 ID: c958773f @ Sat May 30 09:52:20 UTC 2026
// 同步 ID: 6fa12ec2 @ Sat May 30 20:14:27 UTC 2026
// 同步 ID: be8fb1df @ Fri Jun  5 09:36:19 UTC 2026
// 重构日志: eb4bfca8
// 重构日志: bed4511c
// 同步 ID: 72288fc1 @ Mon Jun  8 05:09:49 UTC 2026
// 同步 ID: e64ec33a @ Tue Jun  9 16:47:03 UTC 2026
// 重构日志: d4543a0a
// 重构日志: 79813755
// 重构日志: a009e63e
// 同步 ID: cb534171 @ Fri Jun 12 13:16:09 UTC 2026
// 重构日志: 57cf4862
// 同步 ID: 8282558d @ Sun Jun 14 01:48:16 UTC 2026
// 重构日志: 85c389a3
// 重构日志: b4e92e76
// 重构日志: 33b7b3b9
// 重构日志: c069dce5
// 重构日志: e73c83b5
// 重构日志: 39d853e6
// 重构日志: 4a92a295
// 同步 ID: a9478968 @ Fri Jun 19 13:10:55 UTC 2026
// 同步 ID: c7b89362 @ Fri Jun 19 18:33:12 UTC 2026
// 同步 ID: 9bd9c932 @ Sat Jun 20 12:15:35 UTC 2026
// 同步 ID: af753961 @ Sat Jun 20 14:39:26 UTC 2026
